{
  "RSpec": {
    "coverage": {
      "/home/ben/workspace/cs5340/proj/coreference/appcode/./utilities.rb": [
        1,
        1,
        0,
        0,
        0,
        0,
        null,
        null,
        1,
        null,
        38,
        38,
        38,
        null,
        38,
        null,
        null,
        176,
        null,
        68,
        30,
        null,
        null,
        68,
        null,
        68,
        null,
        68,
        26,
        null,
        null,
        108,
        108,
        108,
        null,
        null,
        null,
        38,
        38
      ],
      "/home/ben/workspace/cs5340/proj/coreference/appcode/parseData.rb": [
        1,
        null,
        null,
        1,
        18,
        18,
        0,
        null,
        null,
        18,
        null,
        18,
        18,
        38,
        null,
        38,
        38,
        38,
        38,
        38,
        1234,
        null,
        1234,
        144,
        432,
        144,
        null,
        106,
        984,
        194,
        null,
        2370,
        null,
        1234,
        null,
        38,
        38,
        null,
        18,
        null,
        null,
        1,
        0,
        0,
        null,
        null,
        null,
        0,
        0,
        null,
        0,
        0,
        0,
        0,
        0,
        0,
        null,
        0,
        0,
        0,
        null,
        null,
        0,
        0,
        0,
        0,
        null,
        0,
        null,
        0,
        null,
        null,
        0,
        0,
        null,
        null,
        0,
        null,
        null,
        1,
        null,
        0,
        0,
        null,
        null,
        0,
        0,
        0,
        0,
        0,
        0,
        0,
        null,
        0,
        0,
        0,
        0,
        0,
        null,
        0,
        null,
        null,
        0,
        0,
        0,
        0,
        0,
        0,
        0,
        null,
        0,
        0,
        0,
        0,
        null,
        0,
        null,
        null,
        0,
        0
      ],
      "/home/ben/workspace/cs5340/proj/coreference/appcode/parseAdapter.rb": [
        1,
        1,
        1,
        1,
        1,
        1,
        null,
        1,
        1,
        null,
        1,
        4,
        null,
        null,
        1,
        18,
        18,
        null,
        null,
        1,
        0,
        0,
        null,
        0
      ],
      "/home/ben/workspace/cs5340/proj/coreference/appcode/spec/sentence_spec.rb": [
        1,
        null,
        1,
        null,
        1,
        null,
        1,
        1,
        1,
        1,
        null,
        null,
        null,
        null,
        1,
        null,
        1,
        1,
        1,
        1,
        1,
        1,
        1,
        1,
        1,
        1
      ],
      "/home/ben/workspace/cs5340/proj/coreference/appcode/spec/parseData_spec.rb": [
        1
      ],
      "/home/ben/workspace/cs5340/proj/coreference/appcode/spec/spec_helper.rb": [
        1,
        1,
        null,
        1,
        1,
        1,
        1,
        null,
        1
      ],
      "/home/ben/workspace/cs5340/proj/coreference/appcode/ncrf.rb": [
        1,
        1,
        1,
        1,
        1,
        1,
        null,
        1,
        1,
        null,
        null,
        1,
        null,
        0,
        0,
        null,
        0,
        null,
        0,
        0,
        0,
        0,
        0,
        0,
        null,
        null,
        0,
        0,
        null,
        0,
        null,
        null,
        null,
        null,
        0,
        0,
        0,
        null,
        null,
        0,
        0,
        0,
        null,
        null,
        null,
        1,
        4,
        4,
        4,
        4,
        4,
        4,
        null,
        0,
        null,
        null,
        null,
        1,
        0,
        0,
        0,
        0,
        null,
        null,
        1,
        38,
        76,
        null,
        null,
        null,
        1,
        4,
        4,
        4,
        4,
        null,
        4,
        null,
        null,
        null,
        null,
        null,
        4,
        20,
        8,
        8,
        null,
        null,
        null,
        12,
        12,
        8,
        null,
        null,
        null,
        12,
        null,
        null,
        60,
        8,
        null,
        36,
        36,
        null,
        null,
        60,
        null,
        null,
        null,
        null,
        null,
        null,
        4,
        0,
        null,
        null,
        null,
        null,
        1,
        2,
        2,
        18,
        null,
        18,
        null,
        null,
        18,
        null,
        18,
        38,
        null,
        null,
        null,
        null,
        null,
        null,
        1,
        1,
        null,
        1,
        null,
        null,
        9,
        2,
        null,
        4,
        2,
        2,
        null,
        1,
        null,
        null,
        null,
        9,
        null,
        null,
        null,
        null,
        null,
        null,
        1,
        4,
        0,
        null,
        null,
        0,
        null,
        0,
        null,
        0,
        0,
        null,
        0,
        0,
        null,
        0,
        null,
        null,
        2,
        null,
        null,
        1,
        2,
        2,
        null,
        null,
        null,
        null,
        4,
        0,
        null,
        null,
        0,
        0,
        0,
        null,
        null,
        0,
        0,
        0,
        null,
        0,
        0,
        null,
        0,
        null,
        0,
        null,
        null,
        2,
        null,
        null,
        null,
        1,
        2,
        null,
        2,
        18,
        null,
        null,
        null,
        2,
        2,
        2,
        4,
        4,
        null,
        null,
        2,
        null,
        2,
        null,
        11,
        null,
        11,
        null,
        21,
        1,
        1,
        null,
        null,
        null,
        null,
        11,
        null,
        1,
        1,
        null,
        1,
        1,
        null,
        1,
        null,
        null,
        null,
        null,
        1,
        null,
        null,
        1,
        null,
        1,
        1,
        1,
        null,
        null,
        1,
        null,
        1,
        0,
        0,
        null,
        1,
        1,
        1,
        null,
        null,
        null,
        null,
        null,
        null,
        1,
        0,
        0,
        0,
        null,
        0,
        0,
        null,
        null,
        null,
        1,
        0,
        0,
        0,
        null,
        null,
        0,
        0,
        0,
        null,
        0,
        0,
        0,
        null,
        null,
        0,
        0,
        0
      ],
      "/home/ben/workspace/cs5340/proj/coreference/appcode/sentence.rb": [
        1,
        1,
        null,
        null,
        1,
        1,
        null,
        1,
        42,
        42,
        42,
        null,
        null,
        1,
        27,
        null,
        null,
        1,
        10,
        10,
        null,
        null,
        10,
        139,
        null,
        58,
        null,
        6,
        null,
        null,
        6,
        10,
        null,
        16,
        null,
        null,
        6,
        2,
        null,
        null,
        null,
        6,
        6,
        null,
        null,
        123,
        null,
        52,
        null,
        5,
        15,
        null,
        5,
        5,
        null,
        null,
        141,
        47,
        null,
        null,
        10,
        null,
        null,
        1,
        78,
        null,
        null,
        1,
        60,
        null,
        60,
        140,
        null,
        null,
        null,
        1,
        null,
        9,
        null,
        9,
        null,
        9,
        9,
        63,
        21,
        null,
        null,
        9,
        null,
        null,
        9,
        null,
        9,
        9,
        9,
        9,
        null,
        null,
        1,
        38,
        null,
        38,
        null,
        38,
        26,
        26,
        null,
        null,
        null,
        null,
        46,
        26,
        4,
        null,
        null,
        34,
        22,
        0,
        null,
        null,
        22,
        null,
        22,
        null,
        22,
        null,
        null,
        null,
        null,
        null,
        null,
        null,
        1,
        null,
        22,
        22,
        32,
        32,
        56,
        2,
        null,
        56,
        null,
        null,
        null,
        22,
        2,
        null,
        2,
        2,
        4,
        2,
        null,
        2,
        null,
        null,
        2,
        null,
        2
      ],
      "/home/ben/workspace/cs5340/proj/coreference/appcode/./npModel.rb": [
        null,
        1,
        null,
        1,
        null,
        null,
        null,
        null,
        1,
        31,
        31,
        31,
        31,
        31,
        31,
        null,
        null,
        null,
        1,
        31,
        31,
        31,
        31,
        10,
        null,
        21,
        null,
        null,
        null,
        null,
        1,
        null,
        null,
        null,
        null,
        1,
        null,
        null,
        null,
        null,
        null,
        null,
        null,
        1,
        null,
        null,
        null,
        null,
        null,
        null,
        null,
        null,
        1,
        null,
        null,
        null,
        null,
        null,
        1,
        null,
        null,
        null,
        null,
        1,
        null,
        null,
        null,
        null,
        1
      ]
    },
    "timestamp": 1352592820
  }
}
